mode: count
github.com/antonvlasov/tradeX/database/database.go:11.33,13.2 1 10
github.com/antonvlasov/tradeX/database/database.go:33.58,35.16 2 4
github.com/antonvlasov/tradeX/database/database.go:38.2,38.24 1 4
github.com/antonvlasov/tradeX/database/database.go:35.16,37.3 1 0
github.com/antonvlasov/tradeX/database/database.go:42.40,44.16 2 8
github.com/antonvlasov/tradeX/database/database.go:47.2,47.59 1 7
github.com/antonvlasov/tradeX/database/database.go:50.2,50.8 1 6
github.com/antonvlasov/tradeX/database/database.go:44.16,46.3 1 1
github.com/antonvlasov/tradeX/database/database.go:47.59,49.3 1 1
github.com/antonvlasov/tradeX/database/database.go:54.55,57.2 2 1
github.com/antonvlasov/tradeX/database/database.go:66.72,69.16 3 5
github.com/antonvlasov/tradeX/database/database.go:72.2,72.12 1 5
github.com/antonvlasov/tradeX/database/database.go:69.16,71.3 1 0
github.com/antonvlasov/tradeX/database/database.go:76.34,77.15 1 8
github.com/antonvlasov/tradeX/database/database.go:80.2,81.16 2 8
github.com/antonvlasov/tradeX/database/database.go:85.2,87.16 2 8
github.com/antonvlasov/tradeX/database/database.go:90.2,91.16 2 8
github.com/antonvlasov/tradeX/database/database.go:94.2,94.12 1 8
github.com/antonvlasov/tradeX/database/database.go:77.15,79.3 1 0
github.com/antonvlasov/tradeX/database/database.go:81.16,84.3 2 0
github.com/antonvlasov/tradeX/database/database.go:87.16,89.3 1 0
github.com/antonvlasov/tradeX/database/database.go:91.16,93.3 1 0
github.com/antonvlasov/tradeX/database/database.go:98.16,99.15 1 4
github.com/antonvlasov/tradeX/database/database.go:102.2,102.32 1 4
github.com/antonvlasov/tradeX/database/database.go:99.15,101.3 1 0
github.com/antonvlasov/tradeX/database/database.go:106.69,107.15 1 10
github.com/antonvlasov/tradeX/database/database.go:110.2,110.54 1 10
github.com/antonvlasov/tradeX/database/database.go:114.2,116.16 3 10
github.com/antonvlasov/tradeX/database/database.go:119.2,120.18 2 10
github.com/antonvlasov/tradeX/database/database.go:126.2,126.18 1 10
github.com/antonvlasov/tradeX/database/database.go:129.2,129.19 1 10
github.com/antonvlasov/tradeX/database/database.go:107.15,109.3 1 0
github.com/antonvlasov/tradeX/database/database.go:110.54,113.3 2 0
github.com/antonvlasov/tradeX/database/database.go:116.16,118.3 1 0
github.com/antonvlasov/tradeX/database/database.go:120.18,125.3 4 16
github.com/antonvlasov/tradeX/database/database.go:126.18,128.3 1 4
github.com/antonvlasov/tradeX/database/database.go:133.41,135.42 2 10
github.com/antonvlasov/tradeX/database/database.go:141.2,141.13 1 10
github.com/antonvlasov/tradeX/database/database.go:144.2,144.15 1 10
github.com/antonvlasov/tradeX/database/database.go:135.42,136.22 1 34
github.com/antonvlasov/tradeX/database/database.go:136.22,138.9 2 8
github.com/antonvlasov/tradeX/database/database.go:141.13,143.3 1 2
github.com/antonvlasov/tradeX/database/database.go:148.31,149.22 1 16
github.com/antonvlasov/tradeX/database/database.go:154.2,154.21 1 16
github.com/antonvlasov/tradeX/database/database.go:149.22,151.3 1 6
github.com/antonvlasov/tradeX/database/database.go:151.8,153.3 1 10
github.com/antonvlasov/tradeX/database/database.go:154.21,156.3 1 0
github.com/antonvlasov/tradeX/database/database.go:156.8,158.3 1 16
github.com/antonvlasov/tradeX/database/database.go:162.36,164.16 2 36
github.com/antonvlasov/tradeX/database/database.go:167.2,167.12 1 35
github.com/antonvlasov/tradeX/database/database.go:164.16,166.3 1 1
github.com/antonvlasov/tradeX/database/dbinit.go:13.27,14.15 1 2
github.com/antonvlasov/tradeX/database/dbinit.go:17.2,19.16 3 2
github.com/antonvlasov/tradeX/database/dbinit.go:22.2,34.16 3 2
github.com/antonvlasov/tradeX/database/dbinit.go:14.15,16.3 1 0
github.com/antonvlasov/tradeX/database/dbinit.go:19.16,21.3 1 0
github.com/antonvlasov/tradeX/database/dbinit.go:34.16,36.3 1 0
github.com/antonvlasov/tradeX/database/dbinit.go:40.14,43.2 2 2
github.com/antonvlasov/tradeX/server/server.go:18.27,22.16 4 1
github.com/antonvlasov/tradeX/server/server.go:25.2,26.16 2 1
github.com/antonvlasov/tradeX/server/server.go:29.2,31.6 3 1
github.com/antonvlasov/tradeX/server/server.go:22.16,24.3 1 0
github.com/antonvlasov/tradeX/server/server.go:26.16,28.3 1 0
github.com/antonvlasov/tradeX/server/server.go:31.6,33.17 2 1
github.com/antonvlasov/tradeX/server/server.go:36.3,36.26 1 1
github.com/antonvlasov/tradeX/server/server.go:33.17,34.12 1 0
